# JRE version: Java(TM) SE Runtime Environment (20.0.1+9) (build 20.0.1+9-29)
# Java VM: Java HotSpot(TM) 64-Bit Server VM (20.0.1+9-29, mixed mode, sharing, tiered, compressed oops, compressed class ptrs, g1 gc, windows-amd64)
GC Precious Log:
 CardTable entry size: 512
 Card Set container configuration: InlinePtr #cards 5 size 8 Array Of Cards #cards 12 size 40 Howl #buckets 4 coarsen threshold 1843 Howl Bitmap #cards 512 size 80 coarsen threshold 460 Card regions per heap region 1 cards per card region 2048
 CPUs: 4 total, 4 available
 Memory: 4007M
 Large Page Support: Disabled
 NUMA Support: Disabled
 Compressed Oops: Enabled (32-bit)
 Heap Region Size: 1M
 Heap Min Capacity: 8M
 Heap Initial Capacity: 64M
 Heap Max Capacity: 1002M
 Pre-touch: Disabled
 Parallel Workers: 4
 Concurrent Workers: 1
 Concurrent Refinement Workers: 4
 Periodic GC: Disabled
Heap:
 garbage-first heap   total 230400K, used 172544K [0x00000000c1600000, 0x0000000100000000)
  region size 1024K, 4 young (4096K), 4 survivors (4096K)
 Metaspace       used 1795K, committed 1984K, reserved 1114112K
  class space    used 149K, committed 256K, reserved 1048576K
GC Heap History (20 events):
Event: 1.056 GC heap after
{Heap after GC invocations=1 (full 0):
 garbage-first heap   total 65536K, used 10496K [0x00000000c1600000, 0x0000000100000000)
  region size 1024K, 2 young (2048K), 2 survivors (2048K)
 Metaspace       used 1354K, committed 1536K, reserved 1114112K
  class space    used 110K, committed 192K, reserved 1048576K
}
Event: 1.168 GC heap before
{Heap before GC invocations=1 (full 0):
 garbage-first heap   total 65536K, used 19712K [0x00000000c1600000, 0x0000000100000000)
  region size 1024K, 9 young (9216K), 2 survivors (2048K)
 Metaspace       used 1356K, committed 1536K, reserved 1114112K
  class space    used 110K, committed 192K, reserved 1048576K
}
Event: 1.186 GC heap after
{Heap after GC invocations=2 (full 0):
 garbage-first heap   total 65536K, used 18944K [0x00000000c1600000, 0x0000000100000000)
  region size 1024K, 2 young (2048K), 2 survivors (2048K)
 Metaspace       used 1356K, committed 1536K, reserved 1114112K
  class space    used 110K, committed 192K, reserved 1048576K
}
Event: 1.370 GC heap before
{Heap before GC invocations=2 (full 0):
 garbage-first heap   total 65536K, used 31232K [0x00000000c1600000, 0x0000000100000000)
  region size 1024K, 12 young (12288K), 2 survivors (2048K)
 Metaspace       used 1356K, committed 1536K, reserved 1114112K
  class space    used 110K, committed 192K, reserved 1048576K
}
Event: 1.397 GC heap after
{Heap after GC invocations=3 (full 0):
 garbage-first heap   total 65536K, used 31744K [0x00000000c1600000, 0x0000000100000000)
  region size 1024K, 2 young (2048K), 2 survivors (2048K)
 Metaspace       used 1356K, committed 1536K, reserved 1114112K
  class space    used 110K, committed 192K, reserved 1048576K
}
Event: 1.512 GC heap before
{Heap before GC invocations=3 (full 0):
 garbage-first heap   total 65536K, used 39936K [0x00000000c1600000, 0x0000000100000000)
  region size 1024K, 11 young (11264K), 2 survivors (2048K)
 Metaspace       used 1356K, committed 1536K, reserved 1114112K
  class space    used 110K, committed 192K, reserved 1048576K
}
Event: 1.531 GC heap after
{Heap after GC invocations=4 (full 0):
 garbage-first heap   total 65536K, used 40448K [0x00000000c1600000, 0x0000000100000000)
  region size 1024K, 2 young (2048K), 2 survivors (2048K)
 Metaspace       used 1356K, committed 1536K, reserved 1114112K
  class space    used 110K, committed 192K, reserved 1048576K
}
Event: 1.637 GC heap before
{Heap before GC invocations=5 (full 0):
 garbage-first heap   total 76800K, used 47616K [0x00000000c1600000, 0x0000000100000000)
  region size 1024K, 8 young (8192K), 2 survivors (2048K)
 Metaspace       used 1356K, committed 1536K, reserved 1114112K
  class space    used 110K, committed 192K, reserved 1048576K
}
Event: 1.660 GC heap after
{Heap after GC invocations=6 (full 0):
 garbage-first heap   total 76800K, used 48128K [0x00000000c1600000, 0x0000000100000000)
  region size 1024K, 1 young (1024K), 1 survivors (1024K)
 Metaspace       used 1356K, committed 1536K, reserved 1114112K
  class space    used 110K, committed 192K, reserved 1048576K
}
Event: 1.865 GC heap before
{Heap before GC invocations=6 (full 0):
 garbage-first heap   total 76800K, used 56320K [0x00000000c1600000, 0x0000000100000000)
  region size 1024K, 9 young (9216K), 1 survivors (1024K)
 Metaspace       used 1356K, committed 1536K, reserved 1114112K
  class space    used 110K, committed 192K, reserved 1048576K
}
Event: 1.891 GC heap after
{Heap after GC invocations=7 (full 0):
 garbage-first heap   total 230400K, used 55808K [0x00000000c1600000, 0x0000000100000000)
  region size 1024K, 2 young (2048K), 2 survivors (2048K)
 Metaspace       used 1356K, committed 1536K, reserved 1114112K
  class space    used 110K, committed 192K, reserved 1048576K
}
Event: 2.435 GC heap before
{Heap before GC invocations=7 (full 0):
 garbage-first heap   total 230400K, used 82432K [0x00000000c1600000, 0x0000000100000000)
  region size 1024K, 24 young (24576K), 2 survivors (2048K)
 Metaspace       used 1356K, committed 1536K, reserved 1114112K
  class space    used 110K, committed 192K, reserved 1048576K
}
Event: 2.492 GC heap after
{Heap after GC invocations=8 (full 0):
 garbage-first heap   total 230400K, used 83314K [0x00000000c1600000, 0x0000000100000000)
  region size 1024K, 3 young (3072K), 3 survivors (3072K)
 Metaspace       used 1356K, committed 1536K, reserved 1114112K
  class space    used 110K, committed 192K, reserved 1048576K
}
Event: 3.606 GC heap before
{Heap before GC invocations=8 (full 0):
 garbage-first heap   total 230400K, used 114034K [0x00000000c1600000, 0x0000000100000000)
  region size 1024K, 28 young (28672K), 3 survivors (3072K)
 Metaspace       used 1795K, committed 1984K, reserved 1114112K
  class space    used 149K, committed 256K, reserved 1048576K
}
Event: 3.666 GC heap after
{Heap after GC invocations=9 (full 0):
 garbage-first heap   total 230400K, used 112640K [0x00000000c1600000, 0x0000000100000000)
  region size 1024K, 4 young (4096K), 4 survivors (4096K)
 Metaspace       used 1795K, committed 1984K, reserved 1114112K
  class space    used 149K, committed 256K, reserved 1048576K
}
Event: 3.748 GC heap before
{Heap before GC invocations=9 (full 0):
 garbage-first heap   total 230400K, used 113664K [0x00000000c1600000, 0x0000000100000000)
  region size 1024K, 6 young (6144K), 4 survivors (4096K)
 Metaspace       used 1795K, committed 1984K, reserved 1114112K
  class space    used 149K, committed 256K, reserved 1048576K
}
Event: 3.755 GC heap after
{Heap after GC invocations=10 (full 0):
 garbage-first heap   total 230400K, used 115249K [0x00000000c1600000, 0x0000000100000000)
  region size 1024K, 4 young (4096K), 4 survivors (4096K)
 Metaspace       used 1795K, committed 1984K, reserved 1114112K
  class space    used 149K, committed 256K, reserved 1048576K
}
Event: 4.430 GC heap before
{Heap before GC invocations=11 (full 0):
 garbage-first heap   total 230400K, used 146993K [0x00000000c1600000, 0x0000000100000000)
  region size 1024K, 38 young (38912K), 4 survivors (4096K)
 Metaspace       used 1795K, committed 1984K, reserved 1114112K
  class space    used 149K, committed 256K, reserved 1048576K
}
Event: 4.811 GC heap after
{Heap after GC invocations=12 (full 0):
 garbage-first heap   total 230400K, used 146944K [0x00000000c1600000, 0x0000000100000000)
  region size 1024K, 5 young (5120K), 5 survivors (5120K)
 Metaspace       used 1795K, committed 1984K, reserved 1114112K
  class space    used 149K, committed 256K, reserved 1048576K
}
Event: 5.628 GC heap before
{Heap before GC invocations=12 (full 0):
 garbage-first heap   total 230400K, used 172544K [0x00000000c1600000, 0x0000000100000000)
  region size 1024K, 26 young (26624K), 5 survivors (5120K)
 Metaspace       used 1795K, committed 1984K, reserved 1114112K
  class space    used 149K, committed 256K, reserved 1048576K
}

